  project2.cpp
C:\Users\user\Desktop\직면\2023 취업준비\C++\강의용\station02\Project2\Project2\project2.cpp(1894,13): error C2079: 'd'은(는) 정의되지 않은 struct 'date'을(를) 사용합니다.
C:\Users\user\Desktop\직면\2023 취업준비\C++\강의용\station02\Project2\Project2\project2.cpp(1894,29): error C2078: 이니셜라이저가 너무 많습니다.
C:\Users\user\Desktop\직면\2023 취업준비\C++\강의용\station02\Project2\Project2\project2.cpp(1895,16): error C2079: 's'은(는) 정의되지 않은 struct 'student'을(를) 사용합니다.
C:\Users\user\Desktop\직면\2023 취업준비\C++\강의용\station02\Project2\Project2\project2.cpp(1895,43): error C2078: 이니셜라이저가 너무 많습니다.
C:\Users\user\Desktop\직면\2023 취업준비\C++\강의용\station02\Project2\Project2\project2.cpp(1897,3): error C2224: '.dob' 왼쪽에는 구조체/공용 구조체 형식이 있어야 합니다.
C:\Users\user\Desktop\직면\2023 취업준비\C++\강의용\station02\Project2\Project2\project2.cpp(1899,25): error C2224: '.number' 왼쪽에는 구조체/공용 구조체 형식이 있어야 합니다.
C:\Users\user\Desktop\직면\2023 취업준비\C++\강의용\station02\Project2\Project2\project2.cpp(1899,8): warning C4473: 'printf': 서식 문자열에 대한 인수가 충분하게 전달되지 않았습니다.
C:\Users\user\Desktop\직면\2023 취업준비\C++\강의용\station02\Project2\Project2\project2.cpp(1899,8): message : 자리 표시자 및 해당 매개 변수에는 variadic 인수가 1개 필요하지만 0개가 제공되었습니다.
C:\Users\user\Desktop\직면\2023 취업준비\C++\강의용\station02\Project2\Project2\project2.cpp(1899,8): message : 누락된 variadic 인수 1이(가) 서식 문자열 '%d'에 필요합니다.
C:\Users\user\Desktop\직면\2023 취업준비\C++\강의용\station02\Project2\Project2\project2.cpp(1900,25): error C2224: '.name' 왼쪽에는 구조체/공용 구조체 형식이 있어야 합니다.
C:\Users\user\Desktop\직면\2023 취업준비\C++\강의용\station02\Project2\Project2\project2.cpp(1900,8): warning C4473: 'printf': 서식 문자열에 대한 인수가 충분하게 전달되지 않았습니다.
C:\Users\user\Desktop\직면\2023 취업준비\C++\강의용\station02\Project2\Project2\project2.cpp(1900,8): message : 자리 표시자 및 해당 매개 변수에는 variadic 인수가 1개 필요하지만 0개가 제공되었습니다.
C:\Users\user\Desktop\직면\2023 취업준비\C++\강의용\station02\Project2\Project2\project2.cpp(1900,8): message : 누락된 variadic 인수 1이(가) 서식 문자열 '%s'에 필요합니다.
C:\Users\user\Desktop\직면\2023 취업준비\C++\강의용\station02\Project2\Project2\project2.cpp(1901,25): error C2224: '.height' 왼쪽에는 구조체/공용 구조체 형식이 있어야 합니다.
C:\Users\user\Desktop\직면\2023 취업준비\C++\강의용\station02\Project2\Project2\project2.cpp(1901,8): warning C4473: 'printf': 서식 문자열에 대한 인수가 충분하게 전달되지 않았습니다.
C:\Users\user\Desktop\직면\2023 취업준비\C++\강의용\station02\Project2\Project2\project2.cpp(1901,8): message : 자리 표시자 및 해당 매개 변수에는 variadic 인수가 1개 필요하지만 0개가 제공되었습니다.
C:\Users\user\Desktop\직면\2023 취업준비\C++\강의용\station02\Project2\Project2\project2.cpp(1901,8): message : 누락된 variadic 인수 1이(가) 서식 문자열 '%d'에 필요합니다.
C:\Users\user\Desktop\직면\2023 취업준비\C++\강의용\station02\Project2\Project2\project2.cpp(1903,49): error C2224: '.dob' 왼쪽에는 구조체/공용 구조체 형식이 있어야 합니다.
C:\Users\user\Desktop\직면\2023 취업준비\C++\강의용\station02\Project2\Project2\project2.cpp(1903,62): error C2224: '.dob' 왼쪽에는 구조체/공용 구조체 형식이 있어야 합니다.
C:\Users\user\Desktop\직면\2023 취업준비\C++\강의용\station02\Project2\Project2\project2.cpp(1903,76): error C2224: '.dob' 왼쪽에는 구조체/공용 구조체 형식이 있어야 합니다.
C:\Users\user\Desktop\직면\2023 취업준비\C++\강의용\station02\Project2\Project2\project2.cpp(1903,8): warning C4473: 'printf': 서식 문자열에 대한 인수가 충분하게 전달되지 않았습니다.
C:\Users\user\Desktop\직면\2023 취업준비\C++\강의용\station02\Project2\Project2\project2.cpp(1903,8): message : 자리 표시자 및 해당 매개 변수에는 variadic 인수가 3개 필요하지만 0개가 제공되었습니다.
C:\Users\user\Desktop\직면\2023 취업준비\C++\강의용\station02\Project2\Project2\project2.cpp(1903,8): message : 누락된 variadic 인수 1이(가) 서식 문자열 '%d'에 필요합니다.
C:\Users\user\Desktop\직면\2023 취업준비\C++\강의용\station02\Project2\Project2\project2.cpp(1894,21): error C2078: 이니셜라이저가 너무 많습니다.
C:\Users\user\Desktop\직면\2023 취업준비\C++\강의용\station02\Project2\Project2\project2.cpp(1895,31): error C2078: 이니셜라이저가 너무 많습니다.
